2015/05/06 08:25:10 Starting Merx Server
2015/05/06 09:47:09 Merx Server Shutting Down
2015/05/19 08:22:07 Starting Merx Server
2015/05/19 18:54:48 Start of received data for /
2015/05/19 18:54:53 Invalid BSV Key
2015/05/19 18:56:09 Start of received data for /
2015/05/19 18:56:14 Account not found
2015/05/19 18:57:46 Start of received data for /
2015/05/19 18:57:51 Access Key Is Not Valid
2015/05/19 19:22:11 Merx Server Shutting Down
2015/05/19 19:24:21 Starting Merx Server
2015/05/19 19:24:25 Start of received data for /
2015/05/19 19:24:30 Access Key Is Not Valid0 / 
2015/05/19 19:24:44 Merx Server Shutting Down
2015/05/19 19:45:18 Starting Merx Server
2015/05/19 19:45:23 Start of received data for /
2015/05/19 19:45:28 Access Key Is Not Valid0 / 
2015/05/19 19:45:40 Merx Server Shutting Down
2015/05/19 19:45:58 Starting Merx Server
2015/05/19 19:46:03 Start of received data for /
2015/05/19 19:46:08 Access Key Is Not Valid0 / 
2015/05/19 19:46:18 Merx Server Shutting Down
2015/05/19 19:47:10 Starting Merx Server
2015/05/19 19:47:14 Start of received data for /
2015/05/19 19:47:19 Access Key Is Not Valid0 / 
2015/05/19 19:47:22 Merx Server Shutting Down
2015/05/19 19:48:48 Starting Merx Server
2015/05/19 19:48:51 Start of received data for /
2015/05/19 19:48:56 accountnumber = 12345
2015/05/19 19:49:08 Merx Server Shutting Down
2015/05/19 19:52:44 Starting Merx Server
2015/05/19 19:52:48 Start of received data for /
2015/05/19 19:52:53 Access Key Is Not Valid0 / 323
2015/05/19 19:53:01 Merx Server Shutting Down
2015/05/19 19:53:58 Starting Merx Server
2015/05/19 19:54:01 Start of received data for /
2015/05/19 19:54:06 Access Key Is Not Valid / 323
2015/05/19 19:54:11 Merx Server Shutting Down
2015/05/19 19:54:36 Starting Merx Server
2015/05/19 19:54:39 Start of received data for /
2015/05/19 19:54:40 we found our dealer and bsv 
2015/05/19 19:54:51 Merx Server Shutting Down
2015/05/19 19:55:00 Starting Merx Server
2015/05/19 19:55:07 Start of received data for /
2015/05/19 19:55:12 Access Key Is Not Valid123 / 
2015/05/19 19:55:35 Start of received data for /
2015/05/19 19:55:35 we found our dealer and bsv 
2015/05/19 19:55:45 Merx Server Shutting Down
2015/05/19 19:57:02 Starting Merx Server
2015/05/19 19:57:06 Start of received data for /
2015/05/19 19:57:06 we found our dealer and bsv c11bd782-fe82-11e4-a9d7-60571899af0c
2015/05/19 19:57:34 Start of received data for /
2015/05/19 19:57:39 Access Key Is Not Valid / c11bd782-fe82-11e4-a9d7-60571899af0c
2015/05/19 19:57:51 Merx Server Shutting Down
2015/05/19 19:58:33 Starting Merx Server
2015/05/19 19:58:36 Start of received data for /
2015/05/19 19:58:41 Access Key Is Not Valid
2015/05/19 19:58:52 Start of received data for /
2015/05/19 19:58:52 we found our dealer and bsv c11bd782-fe82-11e4-a9d7-60571899af0c
2015/05/19 19:59:00 Merx Server Shutting Down
